#
# There is insufficient memory for the Java Runtime Environment to continue.
# Native memory allocation (malloc) failed to allocate 716496 bytes for Chunk::new
# Possible reasons:
#   The system is out of physical RAM or swap space
#   In 32 bit mode, the process size limit was hit
# Possible solutions:
#   Reduce memory load on the system
#   Increase physical memory or swap space
#   Check if swap backing store is full
#   Use 64 bit Java on a 64 bit OS
#   Decrease Java heap size (-Xmx/-Xms)
#   Decrease number of Java threads
#   Decrease Java thread stack sizes (-Xss)
#   Set larger code cache with -XX:ReservedCodeCacheSize=
# This output file may be truncated or incomplete.
#
#  Out of Memory Error (allocation.cpp:390), pid=764, tid=0x0000000000002778
#
# JRE version: Java(TM) SE Runtime Environment (8.0_152-b16) (build 1.8.0_152-b16)
# Java VM: Java HotSpot(TM) 64-Bit Server VM (25.152-b16 mixed mode windows-amd64 compressed oops)
# Failed to write core dump. Minidumps are not enabled by default on client versions of Windows
#

---------------  T H R E A D  ---------------

Current thread (0x00000000152e9800):  JavaThread "C2 CompilerThread1" daemon [_thread_in_native, id=10104, stack(0x0000000016d40000,0x0000000016e40000)]

Stack: [0x0000000016d40000,0x0000000016e40000]
[error occurred during error reporting (printing stack bounds), id 0xc0000005]

Native frames: (J=compiled Java code, j=interpreted, Vv=VM code, C=native code)


Current CompileTask:
C2:  25657 6442       4       org.springframework.transaction.annotation.AnnotationTransactionAttributeSource::findTransactionAttribute (6 bytes)


---------------  P R O C E S S  ---------------

Java Threads: ( => current thread )
  0x0000000017781800 JavaThread "DestroyJavaVM" [_thread_blocked, id=9440, stack(0x0000000002ac0000,0x0000000002bc0000)]
  0x000000001b3be800 JavaThread "http-nio-8082-AsyncTimeout" daemon [_thread_blocked, id=1780, stack(0x0000000023f50000,0x0000000024050000)]
  0x000000001b3bd800 JavaThread "http-nio-8082-Acceptor-0" daemon [_thread_in_native, id=6420, stack(0x0000000023e50000,0x0000000023f50000)]
  0x000000001b3bc000 JavaThread "http-nio-8082-ClientPoller-1" daemon [_thread_in_native, id=9824, stack(0x0000000023d50000,0x0000000023e50000)]
  0x000000001b3bd000 JavaThread "http-nio-8082-ClientPoller-0" daemon [_thread_in_native, id=824, stack(0x0000000023c50000,0x0000000023d50000)]
  0x000000001b3bb800 JavaThread "http-nio-8082-exec-10" daemon [_thread_blocked, id=2000, stack(0x0000000023b50000,0x0000000023c50000)]
  0x000000001b3ba800 JavaThread "http-nio-8082-exec-9" daemon [_thread_blocked, id=3036, stack(0x0000000023a50000,0x0000000023b50000)]
  0x000000001b3bf000 JavaThread "http-nio-8082-exec-8" daemon [_thread_blocked, id=7088, stack(0x0000000023950000,0x0000000023a50000)]
  0x000000001b3b3000 JavaThread "http-nio-8082-exec-7" daemon [_thread_blocked, id=992, stack(0x0000000023850000,0x0000000023950000)]
  0x000000001b3b6000 JavaThread "http-nio-8082-exec-6" daemon [_thread_blocked, id=9468, stack(0x0000000023750000,0x0000000023850000)]
  0x000000001b3ba000 JavaThread "http-nio-8082-exec-5" daemon [_thread_blocked, id=9512, stack(0x0000000023650000,0x0000000023750000)]
  0x000000001b3b9000 JavaThread "http-nio-8082-exec-4" daemon [_thread_blocked, id=9552, stack(0x0000000023550000,0x0000000023650000)]
  0x000000001b3b1800 JavaThread "http-nio-8082-exec-3" daemon [_thread_blocked, id=10076, stack(0x0000000023450000,0x0000000023550000)]
  0x000000001b3b2800 JavaThread "http-nio-8082-exec-2" daemon [_thread_blocked, id=8432, stack(0x00000000212c0000,0x00000000213c0000)]
  0x000000001b3b4000 JavaThread "http-nio-8082-exec-1" daemon [_thread_in_native, id=9344, stack(0x00000000211c0000,0x00000000212c0000)]
  0x000000001b3b7800 JavaThread "NioBlockingSelector.BlockPoller-1" daemon [_thread_in_native, id=9644, stack(0x00000000210c0000,0x00000000211c0000)]
  0x000000001b3b8800 JavaThread "Abandoned connection cleanup thread" daemon [_thread_blocked, id=2152, stack(0x0000000020770000,0x0000000020870000)]
  0x000000001b3b0000 JavaThread "DubboClientReconnectTimer-thread-2" daemon [_thread_blocked, id=10040, stack(0x0000000020270000,0x0000000020370000)]
  0x000000001b3b5800 JavaThread "CleanCursors-1-thread-1" daemon [_thread_blocked, id=9232, stack(0x0000000020170000,0x0000000020270000)]
  0x000000001b3b7000 JavaThread "cluster-ClusterId{value='5b0e494200b00002fcbbf655', description='null'}-localhost:27017" daemon [_thread_blocked, id=4628, stack(0x0000000020070000,0x0000000020170000)]
  0x000000001b3b4800 JavaThread "dubbo-remoting-client-heartbeat-thread-1" daemon [_thread_blocked, id=6876, stack(0x000000001fd70000,0x000000001fe70000)]
  0x000000001a14c000 JavaThread "DubboClientHandler-192.168.1.152:20880-thread-1" daemon [_thread_blocked, id=10080, stack(0x000000001fc70000,0x000000001fd70000)]
  0x000000001a14d000 JavaThread "New I/O client worker #1-1" daemon [_thread_in_native, id=10180, stack(0x000000001fb70000,0x000000001fc70000)]
  0x000000001a14b800 JavaThread "NettyClientBoss-thread-1" daemon [_thread_blocked, id=10148, stack(0x000000001fa70000,0x000000001fb70000)]
  0x000000001a14a800 JavaThread "DubboClientReconnectTimer-thread-1" daemon [_thread_blocked, id=8664, stack(0x000000001f970000,0x000000001fa70000)]
  0x000000001a14a000 JavaThread "DubboSaveRegistryCache-thread-1" daemon [_thread_blocked, id=9376, stack(0x000000001f870000,0x000000001f970000)]
  0x000000001a14d800 JavaThread "main-EventThread" daemon [_thread_blocked, id=9540, stack(0x000000001f360000,0x000000001f460000)]
  0x000000001a148800 JavaThread "main-SendThread(192.168.1.152:2181)" daemon [_thread_in_native, id=4604, stack(0x000000001f260000,0x000000001f360000)]
  0x000000001a14e800 JavaThread "ZkClient-EventThread-22-192.168.1.152:2181" daemon [_thread_blocked, id=1132, stack(0x000000001ef60000,0x000000001f060000)]
  0x000000001a147800 JavaThread "DubboRegistryFailedRetryTimer-thread-1" daemon [_thread_blocked, id=3988, stack(0x000000001ee60000,0x000000001ef60000)]
  0x0000000018917800 JavaThread "container-0" [_thread_blocked, id=10100, stack(0x000000001ed60000,0x000000001ee60000)]
  0x0000000017b5f000 JavaThread "ContainerBackgroundProcessor[StandardEngine[Tomcat]]" daemon [_thread_blocked, id=5908, stack(0x000000001ec60000,0x000000001ed60000)]
  0x000000001748b800 JavaThread "Monitor Ctrl-Break" daemon [_thread_in_native, id=2316, stack(0x0000000017a30000,0x0000000017b30000)]
  0x00000000166cd800 JavaThread "Service Thread" daemon [_thread_blocked, id=9560, stack(0x0000000016f40000,0x0000000017040000)]
  0x00000000166a5000 JavaThread "C1 CompilerThread2" daemon [_thread_blocked, id=10084, stack(0x0000000016e40000,0x0000000016f40000)]
=>0x00000000152e9800 JavaThread "C2 CompilerThread1" daemon [_thread_in_native, id=10104, stack(0x0000000016d40000,0x0000000016e40000)]
  0x00000000152e5800 JavaThread "C2 CompilerThread0" daemon [_thread_in_native, id=9640, stack(0x0000000016c40000,0x0000000016d40000)]
  0x00000000152e4000 JavaThread "Attach Listener" daemon [_thread_blocked, id=9456, stack(0x0000000016b40000,0x0000000016c40000)]
  0x0000000016683800 JavaThread "Signal Dispatcher" daemon [_thread_blocked, id=9236, stack(0x0000000016a40000,0x0000000016b40000)]
  0x00000000152be800 JavaThread "Finalizer" daemon [_thread_blocked, id=9908, stack(0x0000000016540000,0x0000000016640000)]
  0x0000000002cb9000 JavaThread "Reference Handler" daemon [_thread_blocked, id=2960, stack(0x0000000016440000,0x0000000016540000)]

Other Threads:
  0x0000000015298000 VMThread [stack: 0x0000000016340000,0x0000000016440000] [id=9708]
  0x00000000166f8000 WatcherThread [stack: 0x0000000017040000,0x0000000017140000] [id=7224]

VM state:not at safepoint (normal execution)

VM Mutex/Monitor currently owned by a thread: None

Heap:
 PSYoungGen      total 208384K, used 95538K [0x00000000eb180000, 0x00000000f9800000, 0x0000000100000000)
  eden space 187392K, 46% used [0x00000000eb180000,0x00000000f0602ba8,0x00000000f6880000)
  from space 20992K, 42% used [0x00000000f6880000,0x00000000f7149da0,0x00000000f7d00000)
  to   space 18432K, 0% used [0x00000000f7d00000,0x00000000f7d00000,0x00000000f8f00000)
 ParOldGen       total 90624K, used 33943K [0x00000000c1400000, 0x00000000c6c80000, 0x00000000eb180000)
  object space 90624K, 37% used [0x00000000c1400000,0x00000000c3525c10,0x00000000c6c80000)
 Metaspace       used 62253K, capacity 65122K, committed 65152K, reserved 1105920K
  class space    used 8073K, capacity 8557K, committed 8576K, reserved 1048576K

Card table byte_map: [0x0000000012080000,0x0000000012280000] byte_map_base: 0x0000000011a76000

Marking Bits: (ParMarkBitMap*) 0x0000000055c90860
 Begin Bits: [0x00000000127d0000, 0x0000000013780000)
 End Bits:   [0x0000000013780000, 0x0000000014730000)

Polling page: 0x0000000002440000

CodeCache: size=245760Kb used=20145Kb max_used=20815Kb free=225614Kb
 bounds [0x0000000002cc0000, 0x0000000004180000, 0x0000000011cc0000]
 total_blobs=6065 nmethods=5564 adapters=412
 compilation: enabled

Compilation events (10 events):
Event: 25.612 Thread 0x00000000166a5000 6478       2       org.apache.catalina.util.TLSUtil::isTLSRequestAttribute (60 bytes)
Event: 25.613 Thread 0x00000000166a5000 nmethod 6478 0x0000000003c07ad0 code [0x0000000003c07c80, 0x0000000003c07ef8]
Event: 25.613 Thread 0x00000000166a5000 6479       2       org.springframework.web.util.UrlPathHelper::getSanitizedPath (51 bytes)
Event: 25.614 Thread 0x00000000166a5000 nmethod 6479 0x0000000003734590 code [0x0000000003734740, 0x0000000003734bb8]
Event: 25.614 Thread 0x00000000166a5000 6480       2       org.springframework.web.util.UrlPathHelper::getRemainingPath (173 bytes)
Event: 25.615 Thread 0x00000000166a5000 nmethod 6480 0x0000000003d982d0 code [0x0000000003d98500, 0x0000000003d98b88]
Event: 25.615 Thread 0x00000000166a5000 6481   !   2       org.springframework.web.util.UrlPathHelper::decodeInternal (79 bytes)
Event: 25.617 Thread 0x00000000166a5000 nmethod 6481 0x0000000003121f50 code [0x00000000031221a0, 0x0000000003122848]
Event: 25.629 Thread 0x00000000166a5000 6482       2       java.util.ResourceBundle$CacheKey::calculateHashCode (52 bytes)
Event: 25.629 Thread 0x00000000166a5000 nmethod 6482 0x0000000003b842d0 code [0x0000000003b84460, 0x0000000003b846c8]

GC Heap History (10 events):
Event: 14.072 GC heap before
{Heap before GC invocations=14 (full 2):
 PSYoungGen      total 130048K, used 127487K [0x00000000eb180000, 0x00000000f5e80000, 0x0000000100000000)
  eden space 117760K, 100% used [0x00000000eb180000,0x00000000f2480000,0x00000000f2480000)
  from space 12288K, 79% used [0x00000000f2480000,0x00000000f2dffef0,0x00000000f3080000)
  to   space 13312K, 0% used [0x00000000f5180000,0x00000000f5180000,0x00000000f5e80000)
 ParOldGen       total 59392K, used 15866K [0x00000000c1400000, 0x00000000c4e00000, 0x00000000eb180000)
  object space 59392K, 26% used [0x00000000c1400000,0x00000000c237eb00,0x00000000c4e00000)
 Metaspace       used 49789K, capacity 51514K, committed 51840K, reserved 1093632K
  class space    used 6332K, capacity 6657K, committed 6784K, reserved 1048576K
Event: 14.117 GC heap after
Heap after GC invocations=14 (full 2):
 PSYoungGen      total 161280K, used 13293K [0x00000000eb180000, 0x00000000f6400000, 0x0000000100000000)
  eden space 147968K, 0% used [0x00000000eb180000,0x00000000eb180000,0x00000000f4200000)
  from space 13312K, 99% used [0x00000000f5180000,0x00000000f5e7b788,0x00000000f5e80000)
  to   space 15872K, 0% used [0x00000000f4200000,0x00000000f4200000,0x00000000f5180000)
 ParOldGen       total 59392K, used 18262K [0x00000000c1400000, 0x00000000c4e00000, 0x00000000eb180000)
  object space 59392K, 30% used [0x00000000c1400000,0x00000000c25d59d8,0x00000000c4e00000)
 Metaspace       used 49789K, capacity 51514K, committed 51840K, reserved 1093632K
  class space    used 6332K, capacity 6657K, committed 6784K, reserved 1048576K
}
Event: 16.149 GC heap before
{Heap before GC invocations=15 (full 2):
 PSYoungGen      total 161280K, used 161261K [0x00000000eb180000, 0x00000000f6400000, 0x0000000100000000)
  eden space 147968K, 100% used [0x00000000eb180000,0x00000000f4200000,0x00000000f4200000)
  from space 13312K, 99% used [0x00000000f5180000,0x00000000f5e7b788,0x00000000f5e80000)
  to   space 15872K, 0% used [0x00000000f4200000,0x00000000f4200000,0x00000000f5180000)
 ParOldGen       total 59392K, used 18262K [0x00000000c1400000, 0x00000000c4e00000, 0x00000000eb180000)
  object space 59392K, 30% used [0x00000000c1400000,0x00000000c25d59d8,0x00000000c4e00000)
 Metaspace       used 54343K, capacity 56320K, committed 56448K, reserved 1097728K
  class space    used 6913K, capacity 7274K, committed 7296K, reserved 1048576K
Event: 16.181 GC heap after
Heap after GC invocations=15 (full 2):
 PSYoungGen      total 163840K, used 15860K [0x00000000eb180000, 0x00000000f8f00000, 0x0000000100000000)
  eden space 147968K, 0% used [0x00000000eb180000,0x00000000eb180000,0x00000000f4200000)
  from space 15872K, 99% used [0x00000000f4200000,0x00000000f517d1b0,0x00000000f5180000)
  to   space 18432K, 0% used [0x00000000f7d00000,0x00000000f7d00000,0x00000000f8f00000)
 ParOldGen       total 59392K, used 20304K [0x00000000c1400000, 0x00000000c4e00000, 0x00000000eb180000)
  object space 59392K, 34% used [0x00000000c1400000,0x00000000c27d43c8,0x00000000c4e00000)
 Metaspace       used 54343K, capacity 56320K, committed 56448K, reserved 1097728K
  class space    used 6913K, capacity 7274K, committed 7296K, reserved 1048576K
}
Event: 18.185 GC heap before
{Heap before GC invocations=16 (full 2):
 PSYoungGen      total 163840K, used 157382K [0x00000000eb180000, 0x00000000f8f00000, 0x0000000100000000)
  eden space 147968K, 95% used [0x00000000eb180000,0x00000000f3bb4668,0x00000000f4200000)
  from space 15872K, 99% used [0x00000000f4200000,0x00000000f517d1b0,0x00000000f5180000)
  to   space 18432K, 0% used [0x00000000f7d00000,0x00000000f7d00000,0x00000000f8f00000)
 ParOldGen       total 59392K, used 20304K [0x00000000c1400000, 0x00000000c4e00000, 0x00000000eb180000)
  object space 59392K, 34% used [0x00000000c1400000,0x00000000c27d43c8,0x00000000c4e00000)
 Metaspace       used 56913K, capacity 59120K, committed 59160K, reserved 1101824K
  class space    used 7287K, capacity 7662K, committed 7680K, reserved 1048576K
Event: 18.240 GC heap after
Heap after GC invocations=16 (full 2):
 PSYoungGen      total 205824K, used 17775K [0x00000000eb180000, 0x00000000f9800000, 0x0000000100000000)
  eden space 187392K, 0% used [0x00000000eb180000,0x00000000eb180000,0x00000000f6880000)
  from space 18432K, 96% used [0x00000000f7d00000,0x00000000f8e5bd28,0x00000000f8f00000)
  to   space 20992K, 0% used [0x00000000f6880000,0x00000000f6880000,0x00000000f7d00000)
 ParOldGen       total 59392K, used 23531K [0x00000000c1400000, 0x00000000c4e00000, 0x00000000eb180000)
  object space 59392K, 39% used [0x00000000c1400000,0x00000000c2afae30,0x00000000c4e00000)
 Metaspace       used 56913K, capacity 59120K, committed 59160K, reserved 1101824K
  class space    used 7287K, capacity 7662K, committed 7680K, reserved 1048576K
}
Event: 18.240 GC heap before
{Heap before GC invocations=17 (full 3):
 PSYoungGen      total 205824K, used 17775K [0x00000000eb180000, 0x00000000f9800000, 0x0000000100000000)
  eden space 187392K, 0% used [0x00000000eb180000,0x00000000eb180000,0x00000000f6880000)
  from space 18432K, 96% used [0x00000000f7d00000,0x00000000f8e5bd28,0x00000000f8f00000)
  to   space 20992K, 0% used [0x00000000f6880000,0x00000000f6880000,0x00000000f7d00000)
 ParOldGen       total 59392K, used 23531K [0x00000000c1400000, 0x00000000c4e00000, 0x00000000eb180000)
  object space 59392K, 39% used [0x00000000c1400000,0x00000000c2afae30,0x00000000c4e00000)
 Metaspace       used 56913K, capacity 59120K, committed 59160K, reserved 1101824K
  class space    used 7287K, capacity 7662K, committed 7680K, reserved 1048576K
Event: 18.503 GC heap after
Heap after GC invocations=17 (full 3):
 PSYoungGen      total 205824K, used 0K [0x00000000eb180000, 0x00000000f9800000, 0x0000000100000000)
  eden space 187392K, 0% used [0x00000000eb180000,0x00000000eb180000,0x00000000f6880000)
  from space 18432K, 0% used [0x00000000f7d00000,0x00000000f7d00000,0x00000000f8f00000)
  to   space 20992K, 0% used [0x00000000f6880000,0x00000000f6880000,0x00000000f7d00000)
 ParOldGen       total 90624K, used 33935K [0x00000000c1400000, 0x00000000c6c80000, 0x00000000eb180000)
  object space 90624K, 37% used [0x00000000c1400000,0x00000000c3523c10,0x00000000c6c80000)
 Metaspace       used 56913K, capacity 59120K, committed 59160K, reserved 1101824K
  class space    used 7287K, capacity 7662K, committed 7680K, reserved 1048576K
}
Event: 20.784 GC heap before
{Heap before GC invocations=18 (full 3):
 PSYoungGen      total 205824K, used 187392K [0x00000000eb180000, 0x00000000f9800000, 0x0000000100000000)
  eden space 187392K, 100% used [0x00000000eb180000,0x00000000f6880000,0x00000000f6880000)
  from space 18432K, 0% used [0x00000000f7d00000,0x00000000f7d00000,0x00000000f8f00000)
  to   space 20992K, 0% used [0x00000000f6880000,0x00000000f6880000,0x00000000f7d00000)
 ParOldGen       total 90624K, used 33935K [0x00000000c1400000, 0x00000000c6c80000, 0x00000000eb180000)
  object space 90624K, 37% used [0x00000000c1400000,0x00000000c3523c10,0x00000000c6c80000)
 Metaspace       used 60174K, capacity 62692K, committed 62848K, reserved 1103872K
  class space    used 7793K, capacity 8226K, committed 8320K, reserved 1048576K
Event: 20.812 GC heap after
Heap after GC invocations=18 (full 3):
 PSYoungGen      total 208384K, used 8999K [0x00000000eb180000, 0x00000000f9800000, 0x0000000100000000)
  eden space 187392K, 0% used [0x00000000eb180000,0x00000000eb180000,0x00000000f6880000)
  from space 20992K, 42% used [0x00000000f6880000,0x00000000f7149da0,0x00000000f7d00000)
  to   space 18432K, 0% used [0x00000000f7d00000,0x00000000f7d00000,0x00000000f8f00000)
 ParOldGen       total 90624K, used 33943K [0x00000000c1400000, 0x00000000c6c80000, 0x00000000eb180000)
  object space 90624K, 37% used [0x00000000c1400000,0x00000000c3525c10,0x00000000c6c80000)
 Metaspace       used 60174K, capacity 62692K, committed 62848K, reserved 1103872K
  class space    used 7793K, capacity 8226K, committed 8320K, reserved 1048576K
}

Deoptimization events (10 events):
Event: 19.066 Thread 0x0000000002bc8000 Uncommon trap: reason=unstable_if action=reinterpret pc=0x0000000003cc024c method=java.util.WeakHashMap.put(Ljava/lang/Object;Ljava/lang/Object;)Ljava/lang/Object; @ 59
Event: 19.345 Thread 0x0000000002bc8000 Uncommon trap: reason=bimorphic action=maybe_recompile pc=0x0000000003f982a4 method=org.aspectj.weaver.World.resolve(Lorg/aspectj/weaver/UnresolvedType;Z)Lorg/aspectj/weaver/ResolvedType; @ 38
Event: 19.345 Thread 0x0000000002bc8000 Uncommon trap: reason=bimorphic action=maybe_recompile pc=0x0000000003f982a4 method=org.aspectj.weaver.World.resolve(Lorg/aspectj/weaver/UnresolvedType;Z)Lorg/aspectj/weaver/ResolvedType; @ 38
Event: 19.347 Thread 0x0000000002bc8000 Uncommon trap: reason=bimorphic action=maybe_recompile pc=0x0000000003f982a4 method=org.aspectj.weaver.World.resolve(Lorg/aspectj/weaver/UnresolvedType;Z)Lorg/aspectj/weaver/ResolvedType; @ 38
Event: 19.347 Thread 0x0000000002bc8000 Uncommon trap: reason=bimorphic action=maybe_recompile pc=0x0000000003f982a4 method=org.aspectj.weaver.World.resolve(Lorg/aspectj/weaver/UnresolvedType;Z)Lorg/aspectj/weaver/ResolvedType; @ 38
Event: 20.348 Thread 0x0000000002bc8000 Uncommon trap: reason=unstable_if action=reinterpret pc=0x0000000003c049b0 method=java.lang.CharacterDataLatin1.digit(II)I @ 60
Event: 21.256 Thread 0x0000000002bc8000 Uncommon trap: reason=class_check action=maybe_recompile pc=0x0000000002dd27a8 method=java.lang.String.equals(Ljava/lang/Object;)Z @ 8
Event: 25.464 Thread 0x000000001b3b4000 Uncommon trap: reason=null_check action=make_not_entrant pc=0x00000000041264f0 method=org.springframework.core.annotation.AnnotatedElementUtils.searchWithFindSemantics(Ljava/lang/reflect/AnnotatedElement;Ljava/lang/Class;Ljava/lang/String;Ljava/lang/Class
Event: 25.593 Thread 0x000000001b3b4000 Uncommon trap: reason=bimorphic action=maybe_recompile pc=0x000000000388447c method=java.util.AbstractList$Itr.next()Ljava/lang/Object; @ 14
Event: 25.601 Thread 0x000000001b3b4000 Uncommon trap: reason=bimorphic action=maybe_recompile pc=0x000000000388447c method=java.util.AbstractList$Itr.next()Ljava/lang/Object; @ 14

Classes redefined (0 events):
No events

Internal exceptions (10 events):
Event: 25.471 Thread 0x000000001b3b4000 Exception <a 'java/lang/ClassNotFoundException': org/springframework/web/servlet/theme/AbstractThemeResolverCustomizer> (0x00000000eff10a00) thrown at [C:\re\workspace\8-2-build-windows-amd64-cygwin\jdk8u152\9742\hotspot\src\share\vm\classfile\systemDicti
Event: 25.473 Thread 0x000000001b3b4000 Exception <a 'java/lang/ClassNotFoundException': org/springframework/web/servlet/theme/FixedThemeResolverCustomizer> (0x00000000eff3a1a8) thrown at [C:\re\workspace\8-2-build-windows-amd64-cygwin\jdk8u152\9742\hotspot\src\share\vm\classfile\systemDictiona
Event: 25.479 Thread 0x000000001b3b4000 Exception <a 'java/lang/ClassNotFoundException': org/springframework/web/servlet/ThemeResolverCustomizer> (0x00000000eff5f630) thrown at [C:\re\workspace\8-2-build-windows-amd64-cygwin\jdk8u152\9742\hotspot\src\share\vm\classfile\systemDictionary.cpp, lin
Event: 25.485 Thread 0x000000001b3b4000 Exception <a 'java/lang/ClassNotFoundException': java/lang/ObjectCustomizer> (0x00000000effb9e88) thrown at [C:\re\workspace\8-2-build-windows-amd64-cygwin\jdk8u152\9742\hotspot\src\share\vm\classfile\systemDictionary.cpp, line 210]
Event: 25.487 Thread 0x000000001b3b4000 Exception <a 'java/lang/ClassNotFoundException': org/springframework/web/servlet/view/DefaultRequestToViewNameTranslatorCustomizer> (0x00000000effe9de0) thrown at [C:\re\workspace\8-2-build-windows-amd64-cygwin\jdk8u152\9742\hotspot\src\share\vm\classfile
Event: 25.489 Thread 0x000000001b3b4000 Exception <a 'java/lang/ClassNotFoundException': org/springframework/web/servlet/RequestToViewNameTranslatorCustomizer> (0x00000000f00236c8) thrown at [C:\re\workspace\8-2-build-windows-amd64-cygwin\jdk8u152\9742\hotspot\src\share\vm\classfile\systemDicti
Event: 25.499 Thread 0x000000001b3b4000 Exception <a 'java/lang/ClassNotFoundException': java/lang/ObjectCustomizer> (0x00000000f009d990) thrown at [C:\re\workspace\8-2-build-windows-amd64-cygwin\jdk8u152\9742\hotspot\src\share\vm\classfile\systemDictionary.cpp, line 210]
Event: 25.502 Thread 0x000000001b3b4000 Exception <a 'java/lang/ClassNotFoundException': org/springframework/web/servlet/support/AbstractFlashMapManagerCustomizer> (0x00000000f00ca458) thrown at [C:\re\workspace\8-2-build-windows-amd64-cygwin\jdk8u152\9742\hotspot\src\share\vm\classfile\systemD
Event: 25.504 Thread 0x000000001b3b4000 Exception <a 'java/lang/ClassNotFoundException': org/springframework/web/servlet/support/SessionFlashMapManagerCustomizer> (0x00000000f00faea8) thrown at [C:\re\workspace\8-2-build-windows-amd64-cygwin\jdk8u152\9742\hotspot\src\share\vm\classfile\systemDi
Event: 25.506 Thread 0x000000001b3b4000 Exception <a 'java/lang/ClassNotFoundException': org/springframework/web/servlet/FlashMapManagerCustomizer> (0x00000000f01205e0) thrown at [C:\re\workspace\8-2-build-windows-amd64-cygwin\jdk8u152\9742\hotspot\src\share\vm\classfile\systemDictionary.cpp, l

Events (10 events):
Event: 25.642 loading class org/springframework/web/servlet/resource/HttpResource
Event: 25.642 loading class org/springframework/web/servlet/resource/HttpResource done
Event: 25.644 loading class org/springframework/http/StreamingHttpOutputMessage
Event: 25.644 loading class org/springframework/http/StreamingHttpOutputMessage done
Event: 25.644 loading class org/springframework/http/server/ServletServerHttpResponse
Event: 25.644 loading class org/springframework/http/server/ServletServerHttpResponse done
Event: 25.645 loading class org/apache/coyote/Constants
Event: 25.645 loading class org/apache/coyote/Constants done
Event: 25.647 loading class org/springframework/util/StreamUtils
Event: 25.647 loading class org/springframework/util/StreamUtils done


Dynamic libraries:
0x00007ff6008e0000 - 0x00007ff600917000 	D:\xinagmubeifen\jdk1.8.0_152\bin\java.exe
0x00007ffdacb10000 - 0x00007ffdacce1000 	C:\windows\SYSTEM32\ntdll.dll
0x00007ffdaa9a0000 - 0x00007ffdaaa4b000 	C:\windows\System32\KERNEL32.DLL
0x00007ffda93f0000 - 0x00007ffda960d000 	C:\windows\System32\KERNELBASE.dll
0x00007ffdaaa50000 - 0x00007ffdaaaf2000 	C:\windows\System32\ADVAPI32.dll
0x00007ffdaa670000 - 0x00007ffdaa70e000 	C:\windows\System32\msvcrt.dll
0x00007ffdaab10000 - 0x00007ffdaab69000 	C:\windows\System32\sechost.dll
0x00007ffdaa530000 - 0x00007ffdaa651000 	C:\windows\System32\RPCRT4.dll
0x00007ffdaa7e0000 - 0x00007ffdaa945000 	C:\windows\System32\USER32.dll
0x00007ffda9db0000 - 0x00007ffda9dce000 	C:\windows\System32\win32u.dll
0x00007ffdab4c0000 - 0x00007ffdab4f4000 	C:\windows\System32\GDI32.dll
0x00007ffda90a0000 - 0x00007ffda9222000 	C:\windows\System32\gdi32full.dll
0x00007ffd9b5f0000 - 0x00007ffd9b869000 	C:\windows\WinSxS\amd64_microsoft.windows.common-controls_6595b64144ccf1df_6.0.14393.447_none_42191651c6827bb3\COMCTL32.dll
0x00007ffdaa260000 - 0x00007ffdaa528000 	C:\windows\System32\combase.dll
0x00007ffda9fa0000 - 0x00007ffdaa095000 	C:\windows\System32\ucrtbase.dll
0x00007ffda9cf0000 - 0x00007ffda9d5a000 	C:\windows\System32\bcryptPrimitives.dll
0x00007ffdaa950000 - 0x00007ffdaa97e000 	C:\windows\System32\IMM32.DLL
0x0000000055e50000 - 0x0000000055f22000 	D:\xinagmubeifen\jdk1.8.0_152\jre\bin\msvcr100.dll
0x0000000055470000 - 0x0000000055d10000 	D:\xinagmubeifen\jdk1.8.0_152\jre\bin\server\jvm.dll
0x00007ffdaab70000 - 0x00007ffdaab78000 	C:\windows\System32\PSAPI.DLL
0x00007ffda6730000 - 0x00007ffda6739000 	C:\windows\SYSTEM32\WSOCK32.dll
0x00007ffda6f80000 - 0x00007ffda6fa3000 	C:\windows\SYSTEM32\WINMM.dll
0x00007ffd9cd80000 - 0x00007ffd9cd8a000 	C:\windows\SYSTEM32\VERSION.dll
0x00007ffdab050000 - 0x00007ffdab0ba000 	C:\windows\System32\WS2_32.dll
0x00007ffda6f20000 - 0x00007ffda6f4b000 	C:\windows\SYSTEM32\WINMMBASE.dll
0x00007ffda9d60000 - 0x00007ffda9da2000 	C:\windows\System32\cfgmgr32.dll
0x0000000055e40000 - 0x0000000055e4f000 	D:\xinagmubeifen\jdk1.8.0_152\jre\bin\verify.dll
0x0000000055440000 - 0x0000000055469000 	D:\xinagmubeifen\jdk1.8.0_152\jre\bin\java.dll
0x0000000055420000 - 0x0000000055436000 	D:\xinagmubeifen\jdk1.8.0_152\jre\bin\zip.dll
0x00007ffdab600000 - 0x00007ffdacb09000 	C:\windows\System32\SHELL32.dll
0x00007ffda9610000 - 0x00007ffda9cea000 	C:\windows\System32\windows.storage.dll
0x00007ffda8f70000 - 0x00007ffda8fbc000 	C:\windows\System32\powrprof.dll
0x00007ffdaa200000 - 0x00007ffdaa252000 	C:\windows\System32\shlwapi.dll
0x00007ffda8fc0000 - 0x00007ffda8fcf000 	C:\windows\System32\kernel.appcore.dll
0x00007ffda9290000 - 0x00007ffda9339000 	C:\windows\System32\shcore.dll
0x00007ffda8fd0000 - 0x00007ffda8fe4000 	C:\windows\System32\profapi.dll
0x00007ffda73e0000 - 0x00007ffda73f0000 	D:\idea\IntelliJ IDEA 15.0.2\bin\breakgen64.dll
0x0000000055400000 - 0x000000005541a000 	D:\xinagmubeifen\jdk1.8.0_152\jre\bin\net.dll
0x00007ffda87d0000 - 0x00007ffda882c000 	C:\windows\system32\mswsock.dll
0x00000000553d0000 - 0x00000000553dd000 	D:\xinagmubeifen\jdk1.8.0_152\jre\bin\management.dll
0x00007ffda6c60000 - 0x00007ffda6c78000 	C:\windows\system32\NLAapi.dll
0x00007ffd98d30000 - 0x00007ffd98d46000 	C:\windows\system32\napinsp.dll
0x00007ffd98d10000 - 0x00007ffd98d2a000 	C:\windows\system32\pnrpnsp.dll
0x00007ffda85a0000 - 0x00007ffda8640000 	C:\windows\SYSTEM32\DNSAPI.dll
0x00007ffdaa660000 - 0x00007ffdaa668000 	C:\windows\System32\NSI.dll
0x00007ffda8560000 - 0x00007ffda8598000 	C:\windows\SYSTEM32\IPHLPAPI.DLL
0x00007ffd9d660000 - 0x00007ffd9d66e000 	C:\windows\System32\winrnr.dll
0x00007ffd9eb00000 - 0x00007ffd9eb0a000 	C:\windows\SYSTEM32\rasadhlp.dll
0x00007ffda3140000 - 0x00007ffda31aa000 	C:\windows\System32\fwpuclnt.dll
0x00007ffda8b50000 - 0x00007ffda8b7b000 	C:\windows\SYSTEM32\bcrypt.dll
0x00000000553e0000 - 0x00000000553f1000 	D:\xinagmubeifen\jdk1.8.0_152\jre\bin\nio.dll
0x00007ffda8a40000 - 0x00007ffda8a57000 	C:\windows\SYSTEM32\CRYPTSP.dll
0x00007ffda8950000 - 0x00007ffda8983000 	C:\windows\system32\rsaenh.dll
0x00007ffda8650000 - 0x00007ffda866f000 	C:\windows\SYSTEM32\USERENV.dll
0x00007ffda8a60000 - 0x00007ffda8a6b000 	C:\windows\SYSTEM32\CRYPTBASE.dll
0x00007ffda4dd0000 - 0x00007ffda4de6000 	C:\windows\SYSTEM32\dhcpcsvc6.DLL
0x00007ffda45d0000 - 0x00007ffda45ea000 	C:\windows\SYSTEM32\dhcpcsvc.DLL
0x00000000553a0000 - 0x00000000553c4000 	D:\xinagmubeifen\jdk1.8.0_152\jre\bin\sunec.dll

VM Arguments:
jvm_args: -Didea.launcher.port=7535 -Didea.launcher.bin.path=D:\idea\IntelliJ IDEA 15.0.2\bin -Dfile.encoding=UTF-8 
java_command: com.intellij.rt.execution.application.AppMain com.jk.AntClassroomApplication --spring.output.ansi.enabled=always
java_class_path (initial): D:\xinagmubeifen\jdk1.8.0_152\jre\lib\charsets.jar;D:\xinagmubeifen\jdk1.8.0_152\jre\lib\deploy.jar;D:\xinagmubeifen\jdk1.8.0_152\jre\lib\ext\access-bridge-64.jar;D:\xinagmubeifen\jdk1.8.0_152\jre\lib\ext\cldrdata.jar;D:\xinagmubeifen\jdk1.8.0_152\jre\lib\ext\dnsns.jar;D:\xinagmubeifen\jdk1.8.0_152\jre\lib\ext\jaccess.jar;D:\xinagmubeifen\jdk1.8.0_152\jre\lib\ext\jfxrt.jar;D:\xinagmubeifen\jdk1.8.0_152\jre\lib\ext\localedata.jar;D:\xinagmubeifen\jdk1.8.0_152\jre\lib\ext\nashorn.jar;D:\xinagmubeifen\jdk1.8.0_152\jre\lib\ext\sunec.jar;D:\xinagmubeifen\jdk1.8.0_152\jre\lib\ext\sunjce_provider.jar;D:\xinagmubeifen\jdk1.8.0_152\jre\lib\ext\sunmscapi.jar;D:\xinagmubeifen\jdk1.8.0_152\jre\lib\ext\sunpkcs11.jar;D:\xinagmubeifen\jdk1.8.0_152\jre\lib\ext\zipfs.jar;D:\xinagmubeifen\jdk1.8.0_152\jre\lib\javaws.jar;D:\xinagmubeifen\jdk1.8.0_152\jre\lib\jce.jar;D:\xinagmubeifen\jdk1.8.0_152\jre\lib\jfr.jar;D:\xinagmubeifen\jdk1.8.0_152\jre\lib\jfxswt.jar;D:\xinagmubeifen\jdk1.8.0_152\jre\lib\jsse.jar;D:\xinagmubeifen\jdk1.8.0_152\jre\lib\management-agent.jar;D:\xinagmubeifen\jdk1.8.0_152\jre\lib\plugin.jar;D:\xinagmubeifen\jdk1.8.0_152\jre\lib\resources.jar;D:\xinagmubeifen\jdk1.8.0_152\jre\lib\rt.jar;D:\gitspring\ant_classroom\target\classes;C:\Users\Administrator\.m2\repository\org\springframework\boot\spring-boot-starter-freemarker\2.0.2.RELEASE\spring-boot-starter-freemarker-2.0.2.RELEASE.jar;C:\Users\Administrator\.m2\repository\org\springframework\boot\spring-boot-starter\2.0.2.RELEASE\spring-boot-starter-2.0.2.RELEASE.jar;C:\Users\Administrator\.m2\repository\org\springframework\boot\spring-boot\2.0.2.RELEASE\spring-boot-2.0.2.RELEASE.jar;C:\Users\Administrator\.m2\repository\org\springframework\boot\spring-boot-autoconfigure\2.0.2.RELEASE\spring-boot-autoconfigure-2.0.2.RELEASE.jar;C:\Users\Administrator\.m2\repository\org\springframework\boot\spring-boot-starter-logging\2.0.2.RELEASE\spring-boot-starter-logging-2.0.2.RELEASE.jar;C:\Users\Admi
Launcher Type: SUN_STANDARD

Environment Variables:
JAVA_HOME=C:\jdk
CLASSPATH=.;C:\jdk\lib;C:\jdk\lib\tools.jar
PATH=C:\windows\system32;C:\windows;C:\windows\System32\Wbem;C:\windows\System32\WindowsPowerShell\v1.0\;D:\mysql\bin;E:\svn2\bin;E:\maven\apache-maven-3.3.9\bin\bin;E:\svn1\bin;E:\git\Git\cmd;E:\python\Scripts\;E:\python\;C:\Users\Administrator\AppData\Local\Programs\Python\Launcher\;C:\Users\Administrator\AppData\Local\Microsoft\WindowsApps;;D:\ssh;E:\ssh;D:\sshÁ¬½ÓÐéÄâ»ú
USERNAME=Administrator
OS=Windows_NT
PROCESSOR_IDENTIFIER=Intel64 Family 6 Model 61 Stepping 4, GenuineIntel



---------------  S Y S T E M  ---------------

OS: Windows 10.0 , 64 bit Build 14393 (10.0.14393.0)

CPU:total 4 (initial active 4) (2 cores per cpu, 2 threads per core) family 6 model 61 stepping 4, cmov, cx8, fxsr, mmx, sse, sse2, sse3, ssse3, sse4.1, sse4.2, popcnt, avx, avx2, aes, clmul, erms, 3dnowpref, lzcnt, ht, tsc, tscinvbit, bmi1, bmi2, adx

Memory: 4k page, physical 4111920k(150832k free), swap 6342340k(5696k free)

vm_info: Java HotSpot(TM) 64-Bit Server VM (25.152-b16) for windows-amd64 JRE (1.8.0_152-b16), built on Sep 14 2017 02:29:36 by "java_re" with MS VC++ 10.0 (VS2010)

time: Wed May 30 14:48:46 2018
elapsed time: 25 seconds (0d 0h 0m 25s)

